Using pre-set license
Built from '2021.3/staging' branch; Version is '2021.3.2f1 (d6360bedb9a0) revision 14038539'; Using compiler version '192829333'; Build Type 'Release'
OS: 'Windows 10  (10.0.19044) 64bit Core' Language: 'zh' Physical Memory: 32555 MB
BatchMode: 1, IsHumanControllingUs: 0, StartBugReporterOnCrash: 0, Is64bit: 1, IsPro: 1

COMMAND LINE ARGUMENTS:
C:\Program Files\Unity\Hub\Editor\2021.3.2f1\Editor\Unity.exe
-adb2
-batchMode
-noUpm
-name
AssetImportWorker0
-projectPath
C:/Users/111/Desktop/Unity/TowerDefense/TowerDefense
-logFile
Logs/AssetImportWorker0.log
-srvPort
57556
Successfully changed project path to: C:/Users/111/Desktop/Unity/TowerDefense/TowerDefense
C:/Users/111/Desktop/Unity/TowerDefense/TowerDefense
[UnityMemory] Configuration Parameters - Can be set up in boot.config
    "memorysetup-bucket-allocator-granularity=16"
    "memorysetup-bucket-allocator-bucket-count=8"
    "memorysetup-bucket-allocator-block-size=33554432"
    "memorysetup-bucket-allocator-block-count=8"
    "memorysetup-main-allocator-block-size=16777216"
    "memorysetup-thread-allocator-block-size=16777216"
    "memorysetup-gfx-main-allocator-block-size=16777216"
    "memorysetup-gfx-thread-allocator-block-size=16777216"
    "memorysetup-cache-allocator-block-size=4194304"
    "memorysetup-typetree-allocator-block-size=2097152"
    "memorysetup-profiler-bucket-allocator-granularity=16"
    "memorysetup-profiler-bucket-allocator-bucket-count=8"
    "memorysetup-profiler-bucket-allocator-block-size=33554432"
    "memorysetup-profiler-bucket-allocator-block-count=8"
    "memorysetup-profiler-allocator-block-size=16777216"
    "memorysetup-profiler-editor-allocator-block-size=1048576"
    "memorysetup-temp-allocator-size-main=16777216"
    "memorysetup-job-temp-allocator-block-size=2097152"
    "memorysetup-job-temp-allocator-block-size-background=1048576"
    "memorysetup-job-temp-allocator-reduction-small-platforms=262144"
    "memorysetup-temp-allocator-size-background-worker=32768"
    "memorysetup-temp-allocator-size-job-worker=262144"
    "memorysetup-temp-allocator-size-preload-manager=33554432"
    "memorysetup-temp-allocator-size-nav-mesh-worker=65536"
    "memorysetup-temp-allocator-size-audio-worker=65536"
    "memorysetup-temp-allocator-size-cloud-worker=32768"
    "memorysetup-temp-allocator-size-gi-baking-worker=262144"
    "memorysetup-temp-allocator-size-gfx=262144"
Refreshing native plugins compatible for Editor in 100.17 ms, found 3 plugins.
Preloading 0 native plugins for Editor in 0.00 ms.
Initialize engine version: 2021.3.2f1 (d6360bedb9a0)
[Subsystems] Discovering subsystems at path C:/Program Files/Unity/Hub/Editor/2021.3.2f1/Editor/Data/Resources/UnitySubsystems
[Subsystems] Discovering subsystems at path C:/Users/111/Desktop/Unity/TowerDefense/TowerDefense/Assets
GfxDevice: creating device client; threaded=0; jobified=0
Direct3D:
    Version:  Direct3D 11.0 [level 11.1]
    Renderer: NVIDIA GeForce RTX 3070 Ti (ID=0x2482)
    Vendor:   NVIDIA
    VRAM:     8031 MB
    Driver:   31.0.15.2802
Initialize mono
Mono path[0] = 'C:/Program Files/Unity/Hub/Editor/2021.3.2f1/Editor/Data/Managed'
Mono path[1] = 'C:/Program Files/Unity/Hub/Editor/2021.3.2f1/Editor/Data/MonoBleedingEdge/lib/mono/unityjit-win32'
Mono config path = 'C:/Program Files/Unity/Hub/Editor/2021.3.2f1/Editor/Data/MonoBleedingEdge/etc'
Using monoOptions --debugger-agent=transport=dt_socket,embedding=1,server=y,suspend=n,address=127.0.0.1:56652
Begin MonoManager ReloadAssembly
Registering precompiled unity dll's ...
Register platform support module: C:/Program Files/Unity/Hub/Editor/2021.3.2f1/Editor/Data/PlaybackEngines/WebGLSupport/UnityEditor.WebGL.Extensions.dll
Register platform support module: C:/Program Files/Unity/Hub/Editor/2021.3.2f1/Editor/Data/PlaybackEngines/WindowsStandaloneSupport/UnityEditor.WindowsStandalone.Extensions.dll
Registered in 0.009552 seconds.
Native extension for WindowsStandalone target not found
Native extension for WebGL target not found
Refreshing native plugins compatible for Editor in 109.46 ms, found 3 plugins.
Preloading 0 native plugins for Editor in 0.00 ms.
Mono: successfully reloaded assembly
- Completed reload, in  0.715 seconds
Domain Reload Profiling:
	ReloadAssembly (715ms)
		BeginReloadAssembly (85ms)
			ExecutionOrderSort (0ms)
			DisableScriptedObjects (0ms)
			BackupInstance (0ms)
			ReleaseScriptingObjects (0ms)
			CreateAndSetChildDomain (1ms)
		EndReloadAssembly (507ms)
			LoadAssemblies (82ms)
			RebuildTransferFunctionScriptingTraits (0ms)
			SetupTypeCache (106ms)
			ReleaseScriptCaches (0ms)
			RebuildScriptCaches (32ms)
			SetupLoadedEditorAssemblies (313ms)
				LogAssemblyErrors (0ms)
				InitializePlatformSupportModulesInManaged (11ms)
				SetLoadedEditorAssemblies (0ms)
				RefreshPlugins (110ms)
				BeforeProcessingInitializeOnLoad (1ms)
				ProcessInitializeOnLoadAttributes (139ms)
				ProcessInitializeOnLoadMethodAttributes (52ms)
				AfterProcessingInitializeOnLoad (0ms)
				EditorAssembliesLoaded (0ms)
			ExecutionOrderSort2 (0ms)
			AwakeInstancesAfterBackupRestoration (0ms)
Platform modules already initialized, skipping
Registering precompiled user dll's ...
Registered in 0.008440 seconds.
Begin MonoManager ReloadAssembly
Symbol file LoadedFromMemory doesn't match image C:\Users\111\Desktop\Unity\TowerDefense\TowerDefense\Library\PackageCache\com.unity.visualscripting@1.7.6\Editor\VisualScripting.Core\Dependencies\YamlDotNet\Unity.VisualScripting.YamlDotNet.dll
Symbol file LoadedFromMemory doesn't match image C:\Users\111\Desktop\Unity\TowerDefense\TowerDefense\Library\PackageCache\com.unity.visualscripting@1.7.6\Editor\VisualScripting.Core\Dependencies\DotNetZip\Unity.VisualScripting.IonicZip.dll
Native extension for WindowsStandalone target not found
Native extension for WebGL target not found
Refreshing native plugins compatible for Editor in 0.56 ms, found 3 plugins.
Preloading 0 native plugins for Editor in 0.00 ms.
Mono: successfully reloaded assembly
- Completed reload, in  1.181 seconds
Domain Reload Profiling:
	ReloadAssembly (1182ms)
		BeginReloadAssembly (111ms)
			ExecutionOrderSort (0ms)
			DisableScriptedObjects (7ms)
			BackupInstance (0ms)
			ReleaseScriptingObjects (0ms)
			CreateAndSetChildDomain (17ms)
		EndReloadAssembly (944ms)
			LoadAssemblies (109ms)
			RebuildTransferFunctionScriptingTraits (0ms)
			SetupTypeCache (291ms)
			ReleaseScriptCaches (1ms)
			RebuildScriptCaches (63ms)
			SetupLoadedEditorAssemblies (417ms)
				LogAssemblyErrors (0ms)
				InitializePlatformSupportModulesInManaged (9ms)
				SetLoadedEditorAssemblies (1ms)
				RefreshPlugins (1ms)
				BeforeProcessingInitializeOnLoad (108ms)
				ProcessInitializeOnLoadAttributes (258ms)
				ProcessInitializeOnLoadMethodAttributes (30ms)
				AfterProcessingInitializeOnLoad (10ms)
				EditorAssembliesLoaded (0ms)
			ExecutionOrderSort2 (0ms)
			AwakeInstancesAfterBackupRestoration (6ms)
Platform modules already initialized, skipping
========================================================================
Worker process is ready to serve import requests
Launched and connected shader compiler UnityShaderCompiler.exe after 0.03 seconds
Refreshing native plugins compatible for Editor in 0.66 ms, found 3 plugins.
Preloading 0 native plugins for Editor in 0.00 ms.
Unloading 3424 Unused Serialized files (Serialized files now loaded: 0)
Unloading 26 unused Assets / (112.4 KB). Loaded Objects now: 3888.
Memory consumption went from 120.3 MB to 120.2 MB.
Total: 2.961600 ms (FindLiveObjects: 0.394400 ms CreateObjectMapping: 0.101000 ms MarkObjects: 2.355800 ms  DeleteObjects: 0.109100 ms)

AssetImportParameters requested are different than current active one (requested -> active):
  custom:video-decoder-ogg-theora: a1e56fd34408186e4bbccfd4996cb3dc -> 
  custom:container-muxer-webm: aa71ff27fc2769a1b78a27578f13a17b -> 
  custom:container-demuxer-webm: 4f35f7cbe854078d1ac9338744f61a02 -> 
  custom:video-encoder-webm-vp8: eb34c28f22e8b96e1ab97ce403110664 -> 
  custom:audio-encoder-webm-vorbis: bf7c407c2cedff20999df2af8eb42d56 -> 
  custom:framework-win-MediaFoundation: 216162199b28c13a410421893ffa2e32 -> 
  custom:container-demuxer-ogg: 62fdf1f143b41e24485cea50d1cbac27 -> 
  custom:video-decoder-webm-vp8: 9c59270c3fd7afecdb556c50c9e8de78 -> 
  custom:audio-decoder-ogg-vorbis: bf7c407c2cedff20999df2af8eb42d56 -> 
========================================================================
Received Import Request.
  Time since last request: 446298.089871 seconds.
  path: Assets/Import/Weapons/LaserBeamer
  artifactKey: Guid(09b8d34e25014254e9f40f7ab4c255c3) Importer(815301076,1909f56bfc062723c751e8b465ee728b)
Start importing Assets/Import/Weapons/LaserBeamer using Guid(09b8d34e25014254e9f40f7ab4c255c3) Importer(815301076,1909f56bfc062723c751e8b465ee728b)  -> (artifact id: '699faacf44251db090ef2a0ffd93bcb4') in 0.010052 seconds 
========================================================================
Received Import Request.
  Time since last request: 46.322998 seconds.
  path: Assets/Import/Weapons/LaserBeamer/Laser Beamer.fbx
  artifactKey: Guid(56a2d2f23e539404c86eeee611e412bf) Importer(815301076,1909f56bfc062723c751e8b465ee728b)
Start importing Assets/Import/Weapons/LaserBeamer/Laser Beamer.fbx using Guid(56a2d2f23e539404c86eeee611e412bf) Importer(815301076,1909f56bfc062723c751e8b465ee728b)  -> (artifact id: 'cc231c13117c37fd854dcd51c5992929') in 0.207243 seconds 
========================================================================
Received Import Request.
  Time since last request: 36.413145 seconds.
  path: Assets/Import/Weapons/LaserBeamer/Laser Beamer.fbx
  artifactKey: Guid(56a2d2f23e539404c86eeee611e412bf) Importer(815301076,1909f56bfc062723c751e8b465ee728b)
Start importing Assets/Import/Weapons/LaserBeamer/Laser Beamer.fbx using Guid(56a2d2f23e539404c86eeee611e412bf) Importer(815301076,1909f56bfc062723c751e8b465ee728b)  -> (artifact id: '87ad08cf87d648c5b5b37a7ee5e23c7c') in 0.045036 seconds 
========================================================================
Received Import Request.
  Time since last request: 408.580421 seconds.
  path: Assets/Import/Weapons/LaserBeamer/Laser Beamer.fbx
  artifactKey: Guid(56a2d2f23e539404c86eeee611e412bf) Importer(815301076,1909f56bfc062723c751e8b465ee728b)
Start importing Assets/Import/Weapons/LaserBeamer/Laser Beamer.fbx using Guid(56a2d2f23e539404c86eeee611e412bf) Importer(815301076,1909f56bfc062723c751e8b465ee728b)  -> (artifact id: 'f36b9ffe69125a677192a3296c53ec39') in 0.034354 seconds 
========================================================================
Received Import Request.
  Time since last request: 23.401331 seconds.
  path: Assets/Import/Weapons/LaserBeamer/Laser Beamer.fbx
  artifactKey: Guid(56a2d2f23e539404c86eeee611e412bf) Importer(815301076,1909f56bfc062723c751e8b465ee728b)
Start importing Assets/Import/Weapons/LaserBeamer/Laser Beamer.fbx using Guid(56a2d2f23e539404c86eeee611e412bf) Importer(815301076,1909f56bfc062723c751e8b465ee728b)  -> (artifact id: '9eb90ba0a73ed14bacc26b56d1627d70') in 0.051719 seconds 
========================================================================
Received Import Request.
  Time since last request: 64.412861 seconds.
  path: Assets/Import/Materials/LaserBeamer
  artifactKey: Guid(c8f17ab480ca10d4d8f37403e2991236) Importer(815301076,1909f56bfc062723c751e8b465ee728b)
Start importing Assets/Import/Materials/LaserBeamer using Guid(c8f17ab480ca10d4d8f37403e2991236) Importer(815301076,1909f56bfc062723c751e8b465ee728b)  -> (artifact id: 'd81f2d20e7592ccd8a3e1b858aee2df3') in 0.004914 seconds 
========================================================================
Received Import Request.
  Time since last request: 30.487563 seconds.
  path: Assets/Import/Weapons/LaserBeamer/Laser Beamer.fbx
  artifactKey: Guid(56a2d2f23e539404c86eeee611e412bf) Importer(815301076,1909f56bfc062723c751e8b465ee728b)
Start importing Assets/Import/Weapons/LaserBeamer/Laser Beamer.fbx using Guid(56a2d2f23e539404c86eeee611e412bf) Importer(815301076,1909f56bfc062723c751e8b465ee728b)  -> (artifact id: '2f017aa0c90a72ac376395e64904eaea') in 0.052550 seconds 
========================================================================
Received Import Request.
  Time since last request: 69.602895 seconds.
  path: Assets/Import/Weapons/LaserBeamer/Laser Beamer.fbx
  artifactKey: Guid(56a2d2f23e539404c86eeee611e412bf) Importer(815301076,1909f56bfc062723c751e8b465ee728b)
Start importing Assets/Import/Weapons/LaserBeamer/Laser Beamer.fbx using Guid(56a2d2f23e539404c86eeee611e412bf) Importer(815301076,1909f56bfc062723c751e8b465ee728b)  -> (artifact id: 'aa226ccbebba67cbe1750725f27271e4') in 0.051933 seconds 
========================================================================
Received Import Request.
  Time since last request: 18.393130 seconds.
  path: Assets/Import/Weapons/LaserBeamer/Laser Beamer.fbx
  artifactKey: Guid(56a2d2f23e539404c86eeee611e412bf) Importer(815301076,1909f56bfc062723c751e8b465ee728b)
Start importing Assets/Import/Weapons/LaserBeamer/Laser Beamer.fbx using Guid(56a2d2f23e539404c86eeee611e412bf) Importer(815301076,1909f56bfc062723c751e8b465ee728b)  -> (artifact id: 'af3764834f7c42e8b2cb9fd9177a0eca') in 0.043621 seconds 
========================================================================
Received Import Request.
  Time since last request: 22.121009 seconds.
  path: Assets/Import/Weapons/LaserBeamer/Laser Beamer.fbx
  artifactKey: Guid(56a2d2f23e539404c86eeee611e412bf) Importer(815301076,1909f56bfc062723c751e8b465ee728b)
Start importing Assets/Import/Weapons/LaserBeamer/Laser Beamer.fbx using Guid(56a2d2f23e539404c86eeee611e412bf) Importer(815301076,1909f56bfc062723c751e8b465ee728b)  -> (artifact id: '354deeb4c6f2d6d41193044be421ac43') in 0.038059 seconds 
========================================================================
Received Import Request.
  Time since last request: 35.259361 seconds.
  path: Assets/Import/Weapons/LaserBeamer/Laser Beamer.fbx
  artifactKey: Guid(56a2d2f23e539404c86eeee611e412bf) Importer(815301076,1909f56bfc062723c751e8b465ee728b)
Start importing Assets/Import/Weapons/LaserBeamer/Laser Beamer.fbx using Guid(56a2d2f23e539404c86eeee611e412bf) Importer(815301076,1909f56bfc062723c751e8b465ee728b)  -> (artifact id: '2a6df066b307d81c487b7d753650bb17') in 0.038401 seconds 
========================================================================
Received Import Request.
  Time since last request: 12.960308 seconds.
  path: Assets/Import/Weapons/LaserBeamer/Laser Beamer.fbx
  artifactKey: Guid(56a2d2f23e539404c86eeee611e412bf) Importer(815301076,1909f56bfc062723c751e8b465ee728b)
Start importing Assets/Import/Weapons/LaserBeamer/Laser Beamer.fbx using Guid(56a2d2f23e539404c86eeee611e412bf) Importer(815301076,1909f56bfc062723c751e8b465ee728b)  -> (artifact id: 'ef663975b52dfb4a6cd56a8a481e6c07') in 0.038211 seconds 
========================================================================
Received Import Request.
  Time since last request: 5.419732 seconds.
  path: Assets/Import/Weapons/LaserBeamer/Laser Beamer.fbx
  artifactKey: Guid(56a2d2f23e539404c86eeee611e412bf) Importer(815301076,1909f56bfc062723c751e8b465ee728b)
Start importing Assets/Import/Weapons/LaserBeamer/Laser Beamer.fbx using Guid(56a2d2f23e539404c86eeee611e412bf) Importer(815301076,1909f56bfc062723c751e8b465ee728b)  -> (artifact id: 'e44cfbbe007cb873826f7da15421cc48') in 0.038513 seconds 
========================================================================
Received Import Request.
  Time since last request: 864.953819 seconds.
  path: Assets/Prefabs/Character/Weapons/Turret/LaserBeamer.prefab
  artifactKey: Guid(a124236e4fce8634daed0405a4c74c57) Importer(815301076,1909f56bfc062723c751e8b465ee728b)
Start importing Assets/Prefabs/Character/Weapons/Turret/LaserBeamer.prefab using Guid(a124236e4fce8634daed0405a4c74c57) Importer(815301076,1909f56bfc062723c751e8b465ee728b)  -> (artifact id: 'f914b0c73c15285ad050e53b01c54606') in 0.018851 seconds 
========================================================================
Received Import Request.
  Time since last request: 1.810079 seconds.
  path: Assets/Prefabs/Character/Weapons/Turret/BasicTurret.prefab
  artifactKey: Guid(c48171ba7c9f94547b839b9f5257a37f) Importer(815301076,1909f56bfc062723c751e8b465ee728b)
Start importing Assets/Prefabs/Character/Weapons/Turret/BasicTurret.prefab using Guid(c48171ba7c9f94547b839b9f5257a37f) Importer(815301076,1909f56bfc062723c751e8b465ee728b)  -> (artifact id: '3c7debc1bb23a9b0b79a650e4b723997') in 0.034226 seconds 
========================================================================
Received Import Request.
  Time since last request: 307.491276 seconds.
  path: Assets/Prefabs/Character/Weapons/Turret/LaserBeamer.prefab
  artifactKey: Guid(a124236e4fce8634daed0405a4c74c57) Importer(815301076,1909f56bfc062723c751e8b465ee728b)
Start importing Assets/Prefabs/Character/Weapons/Turret/LaserBeamer.prefab using Guid(a124236e4fce8634daed0405a4c74c57) Importer(815301076,1909f56bfc062723c751e8b465ee728b)  -> (artifact id: 'd5fa6bc688e1da87da1ba53c2e7c132e') in 0.013939 seconds 
========================================================================
Received Import Request.
  Time since last request: 54.943190 seconds.
  path: Assets/Images/Weapons/LaserBeamer.jpg
  artifactKey: Guid(5cb348c0d36ffe34dbd5e97b387e8a6a) Importer(815301076,1909f56bfc062723c751e8b465ee728b)
Start importing Assets/Images/Weapons/LaserBeamer.jpg using Guid(5cb348c0d36ffe34dbd5e97b387e8a6a) Importer(815301076,1909f56bfc062723c751e8b465ee728b)  -> (artifact id: '04bd1b07b3758e7425772ce0e2871534') in 0.029431 seconds 
========================================================================
Received Import Request.
  Time since last request: 47.113489 seconds.
  path: Assets/Images/Weapons/LaserBeamer.jpg
  artifactKey: Guid(5cb348c0d36ffe34dbd5e97b387e8a6a) Importer(815301076,1909f56bfc062723c751e8b465ee728b)
Start importing Assets/Images/Weapons/LaserBeamer.jpg using Guid(5cb348c0d36ffe34dbd5e97b387e8a6a) Importer(815301076,1909f56bfc062723c751e8b465ee728b)  -> (artifact id: '81094a41c044f228acee8f426d0b0df7') in 0.041856 seconds 
========================================================================
Received Prepare
Registering precompiled user dll's ...
Registered in 0.006116 seconds.
Begin MonoManager ReloadAssembly
Symbol file LoadedFromMemory doesn't match image C:\Users\111\Desktop\Unity\TowerDefense\TowerDefense\Library\PackageCache\com.unity.visualscripting@1.7.6\Editor\VisualScripting.Core\Dependencies\YamlDotNet\Unity.VisualScripting.YamlDotNet.dll
Symbol file LoadedFromMemory doesn't match image C:\Users\111\Desktop\Unity\TowerDefense\TowerDefense\Library\PackageCache\com.unity.visualscripting@1.7.6\Editor\VisualScripting.Core\Dependencies\DotNetZip\Unity.VisualScripting.IonicZip.dll
Native extension for WindowsStandalone target not found
Native extension for WebGL target not found
Refreshing native plugins compatible for Editor in 0.53 ms, found 3 plugins.
Preloading 0 native plugins for Editor in 0.00 ms.
Mono: successfully reloaded assembly
- Completed reload, in  1.016 seconds
Domain Reload Profiling:
	ReloadAssembly (1017ms)
		BeginReloadAssembly (130ms)
			ExecutionOrderSort (0ms)
			DisableScriptedObjects (4ms)
			BackupInstance (0ms)
			ReleaseScriptingObjects (0ms)
			CreateAndSetChildDomain (29ms)
		EndReloadAssembly (784ms)
			LoadAssemblies (82ms)
			RebuildTransferFunctionScriptingTraits (0ms)
			SetupTypeCache (252ms)
			ReleaseScriptCaches (1ms)
			RebuildScriptCaches (39ms)
			SetupLoadedEditorAssemblies (369ms)
				LogAssemblyErrors (0ms)
				InitializePlatformSupportModulesInManaged (16ms)
				SetLoadedEditorAssemblies (0ms)
				RefreshPlugins (1ms)
				BeforeProcessingInitializeOnLoad (79ms)
				ProcessInitializeOnLoadAttributes (236ms)
				ProcessInitializeOnLoadMethodAttributes (29ms)
				AfterProcessingInitializeOnLoad (9ms)
				EditorAssembliesLoaded (0ms)
			ExecutionOrderSort2 (0ms)
			AwakeInstancesAfterBackupRestoration (6ms)
Platform modules already initialized, skipping
Refreshing native plugins compatible for Editor in 2.36 ms, found 3 plugins.
Preloading 0 native plugins for Editor in 0.00 ms.
Unloading 3406 Unused Serialized files (Serialized files now loaded: 0)
Unloading 19 unused Assets / (79.3 KB). Loaded Objects now: 3939.
Memory consumption went from 123.9 MB to 123.9 MB.
Total: 2.790900 ms (FindLiveObjects: 0.314700 ms CreateObjectMapping: 0.083500 ms MarkObjects: 2.318500 ms  DeleteObjects: 0.072800 ms)

AssetImportParameters requested are different than current active one (requested -> active):
  custom:video-decoder-ogg-theora: a1e56fd34408186e4bbccfd4996cb3dc -> 
  custom:container-muxer-webm: aa71ff27fc2769a1b78a27578f13a17b -> 
  custom:container-demuxer-webm: 4f35f7cbe854078d1ac9338744f61a02 -> 
  custom:video-encoder-webm-vp8: eb34c28f22e8b96e1ab97ce403110664 -> 
  custom:audio-encoder-webm-vorbis: bf7c407c2cedff20999df2af8eb42d56 -> 
  custom:framework-win-MediaFoundation: 216162199b28c13a410421893ffa2e32 -> 
  custom:container-demuxer-ogg: 62fdf1f143b41e24485cea50d1cbac27 -> 
  custom:video-decoder-webm-vp8: 9c59270c3fd7afecdb556c50c9e8de78 -> 
  custom:audio-decoder-ogg-vorbis: bf7c407c2cedff20999df2af8eb42d56 -> 
========================================================================
Received Prepare
Registering precompiled user dll's ...
Registered in 0.007083 seconds.
Begin MonoManager ReloadAssembly
Symbol file LoadedFromMemory doesn't match image C:\Users\111\Desktop\Unity\TowerDefense\TowerDefense\Library\PackageCache\com.unity.visualscripting@1.7.6\Editor\VisualScripting.Core\Dependencies\YamlDotNet\Unity.VisualScripting.YamlDotNet.dll
Symbol file LoadedFromMemory doesn't match image C:\Users\111\Desktop\Unity\TowerDefense\TowerDefense\Library\PackageCache\com.unity.visualscripting@1.7.6\Editor\VisualScripting.Core\Dependencies\DotNetZip\Unity.VisualScripting.IonicZip.dll
Native extension for WindowsStandalone target not found
Native extension for WebGL target not found
Refreshing native plugins compatible for Editor in 0.57 ms, found 3 plugins.
Preloading 0 native plugins for Editor in 0.00 ms.
Mono: successfully reloaded assembly
- Completed reload, in  1.025 seconds
Domain Reload Profiling:
	ReloadAssembly (1026ms)
		BeginReloadAssembly (139ms)
			ExecutionOrderSort (0ms)
			DisableScriptedObjects (6ms)
			BackupInstance (0ms)
			ReleaseScriptingObjects (0ms)
			CreateAndSetChildDomain (36ms)
		EndReloadAssembly (781ms)
			LoadAssemblies (88ms)
			RebuildTransferFunctionScriptingTraits (0ms)
			SetupTypeCache (259ms)
			ReleaseScriptCaches (1ms)
			RebuildScriptCaches (43ms)
			SetupLoadedEditorAssemblies (349ms)
				LogAssemblyErrors (0ms)
				InitializePlatformSupportModulesInManaged (17ms)
				SetLoadedEditorAssemblies (1ms)
				RefreshPlugins (1ms)
				BeforeProcessingInitializeOnLoad (81ms)
				ProcessInitializeOnLoadAttributes (210ms)
				ProcessInitializeOnLoadMethodAttributes (30ms)
				AfterProcessingInitializeOnLoad (10ms)
				EditorAssembliesLoaded (0ms)
			ExecutionOrderSort2 (0ms)
			AwakeInstancesAfterBackupRestoration (6ms)
Platform modules already initialized, skipping
Refreshing native plugins compatible for Editor in 1.82 ms, found 3 plugins.
Preloading 0 native plugins for Editor in 0.00 ms.
Unloading 3406 Unused Serialized files (Serialized files now loaded: 0)
Unloading 19 unused Assets / (79.5 KB). Loaded Objects now: 3942.
Memory consumption went from 124.0 MB to 123.9 MB.
Total: 2.636900 ms (FindLiveObjects: 0.304700 ms CreateObjectMapping: 0.085800 ms MarkObjects: 2.177000 ms  DeleteObjects: 0.068400 ms)

AssetImportParameters requested are different than current active one (requested -> active):
  custom:video-decoder-ogg-theora: a1e56fd34408186e4bbccfd4996cb3dc -> 
  custom:container-muxer-webm: aa71ff27fc2769a1b78a27578f13a17b -> 
  custom:container-demuxer-webm: 4f35f7cbe854078d1ac9338744f61a02 -> 
  custom:video-encoder-webm-vp8: eb34c28f22e8b96e1ab97ce403110664 -> 
  custom:audio-encoder-webm-vorbis: bf7c407c2cedff20999df2af8eb42d56 -> 
  custom:framework-win-MediaFoundation: 216162199b28c13a410421893ffa2e32 -> 
  custom:container-demuxer-ogg: 62fdf1f143b41e24485cea50d1cbac27 -> 
  custom:video-decoder-webm-vp8: 9c59270c3fd7afecdb556c50c9e8de78 -> 
  custom:audio-decoder-ogg-vorbis: bf7c407c2cedff20999df2af8eb42d56 -> 
========================================================================
Received Prepare
Registering precompiled user dll's ...
Registered in 0.006943 seconds.
Begin MonoManager ReloadAssembly
Symbol file LoadedFromMemory doesn't match image C:\Users\111\Desktop\Unity\TowerDefense\TowerDefense\Library\PackageCache\com.unity.visualscripting@1.7.6\Editor\VisualScripting.Core\Dependencies\YamlDotNet\Unity.VisualScripting.YamlDotNet.dll
Symbol file LoadedFromMemory doesn't match image C:\Users\111\Desktop\Unity\TowerDefense\TowerDefense\Library\PackageCache\com.unity.visualscripting@1.7.6\Editor\VisualScripting.Core\Dependencies\DotNetZip\Unity.VisualScripting.IonicZip.dll
Native extension for WindowsStandalone target not found
Native extension for WebGL target not found
Refreshing native plugins compatible for Editor in 0.55 ms, found 3 plugins.
Preloading 0 native plugins for Editor in 0.00 ms.
Mono: successfully reloaded assembly
- Completed reload, in  0.989 seconds
Domain Reload Profiling:
	ReloadAssembly (989ms)
		BeginReloadAssembly (127ms)
			ExecutionOrderSort (0ms)
			DisableScriptedObjects (6ms)
			BackupInstance (0ms)
			ReleaseScriptingObjects (0ms)
			CreateAndSetChildDomain (28ms)
		EndReloadAssembly (757ms)
			LoadAssemblies (80ms)
			RebuildTransferFunctionScriptingTraits (0ms)
			SetupTypeCache (246ms)
			ReleaseScriptCaches (1ms)
			RebuildScriptCaches (40ms)
			SetupLoadedEditorAssemblies (346ms)
				LogAssemblyErrors (0ms)
				InitializePlatformSupportModulesInManaged (16ms)
				SetLoadedEditorAssemblies (1ms)
				RefreshPlugins (1ms)
				BeforeProcessingInitializeOnLoad (80ms)
				ProcessInitializeOnLoadAttributes (212ms)
				ProcessInitializeOnLoadMethodAttributes (27ms)
				AfterProcessingInitializeOnLoad (10ms)
				EditorAssembliesLoaded (0ms)
			ExecutionOrderSort2 (0ms)
			AwakeInstancesAfterBackupRestoration (6ms)
Platform modules already initialized, skipping
Refreshing native plugins compatible for Editor in 1.84 ms, found 3 plugins.
Preloading 0 native plugins for Editor in 0.00 ms.
Unloading 3406 Unused Serialized files (Serialized files now loaded: 0)
Unloading 19 unused Assets / (79.4 KB). Loaded Objects now: 3945.
Memory consumption went from 123.9 MB to 123.8 MB.
Total: 2.619800 ms (FindLiveObjects: 0.309900 ms CreateObjectMapping: 0.084100 ms MarkObjects: 2.156000 ms  DeleteObjects: 0.069100 ms)

AssetImportParameters requested are different than current active one (requested -> active):
  custom:video-decoder-ogg-theora: a1e56fd34408186e4bbccfd4996cb3dc -> 
  custom:container-muxer-webm: aa71ff27fc2769a1b78a27578f13a17b -> 
  custom:container-demuxer-webm: 4f35f7cbe854078d1ac9338744f61a02 -> 
  custom:video-encoder-webm-vp8: eb34c28f22e8b96e1ab97ce403110664 -> 
  custom:audio-encoder-webm-vorbis: bf7c407c2cedff20999df2af8eb42d56 -> 
  custom:framework-win-MediaFoundation: 216162199b28c13a410421893ffa2e32 -> 
  custom:container-demuxer-ogg: 62fdf1f143b41e24485cea50d1cbac27 -> 
  custom:video-decoder-webm-vp8: 9c59270c3fd7afecdb556c50c9e8de78 -> 
  custom:audio-decoder-ogg-vorbis: bf7c407c2cedff20999df2af8eb42d56 -> 
========================================================================
Received Import Request.
  Time since last request: 408.797826 seconds.
  path: Assets/Prefabs/Character/Weapons/Turret/LaserBeamer.prefab
  artifactKey: Guid(a124236e4fce8634daed0405a4c74c57) Importer(815301076,1909f56bfc062723c751e8b465ee728b)
Start importing Assets/Prefabs/Character/Weapons/Turret/LaserBeamer.prefab using Guid(a124236e4fce8634daed0405a4c74c57) Importer(815301076,1909f56bfc062723c751e8b465ee728b)  -> (artifact id: 'd1ba7e2d932346b307ff2eef54494a97') in 0.086262 seconds 
========================================================================
Received Import Request.
  Time since last request: 203.922275 seconds.
  path: Assets/Prefabs/Character/Weapons/Bullet/Missile.prefab
  artifactKey: Guid(90965b615da3d1e47b1637f7ac0b86ba) Importer(815301076,1909f56bfc062723c751e8b465ee728b)
Start importing Assets/Prefabs/Character/Weapons/Bullet/Missile.prefab using Guid(90965b615da3d1e47b1637f7ac0b86ba) Importer(815301076,1909f56bfc062723c751e8b465ee728b)  -> (artifact id: 'bbd54354a8d4f9f059e508d4f6e3c774') in 0.028601 seconds 
========================================================================
Received Prepare
Registering precompiled user dll's ...
Registered in 0.005776 seconds.
Begin MonoManager ReloadAssembly
Symbol file LoadedFromMemory doesn't match image C:\Users\111\Desktop\Unity\TowerDefense\TowerDefense\Library\PackageCache\com.unity.visualscripting@1.7.6\Editor\VisualScripting.Core\Dependencies\YamlDotNet\Unity.VisualScripting.YamlDotNet.dll
Symbol file LoadedFromMemory doesn't match image C:\Users\111\Desktop\Unity\TowerDefense\TowerDefense\Library\PackageCache\com.unity.visualscripting@1.7.6\Editor\VisualScripting.Core\Dependencies\DotNetZip\Unity.VisualScripting.IonicZip.dll
Native extension for WindowsStandalone target not found
Native extension for WebGL target not found
Refreshing native plugins compatible for Editor in 0.58 ms, found 3 plugins.
Preloading 0 native plugins for Editor in 0.00 ms.
Mono: successfully reloaded assembly
- Completed reload, in  1.051 seconds
Domain Reload Profiling:
	ReloadAssembly (1052ms)
		BeginReloadAssembly (140ms)
			ExecutionOrderSort (0ms)
			DisableScriptedObjects (5ms)
			BackupInstance (0ms)
			ReleaseScriptingObjects (0ms)
			CreateAndSetChildDomain (31ms)
		EndReloadAssembly (799ms)
			LoadAssemblies (92ms)
			RebuildTransferFunctionScriptingTraits (0ms)
			SetupTypeCache (260ms)
			ReleaseScriptCaches (1ms)
			RebuildScriptCaches (43ms)
			SetupLoadedEditorAssemblies (361ms)
				LogAssemblyErrors (0ms)
				InitializePlatformSupportModulesInManaged (17ms)
				SetLoadedEditorAssemblies (1ms)
				RefreshPlugins (1ms)
				BeforeProcessingInitializeOnLoad (83ms)
				ProcessInitializeOnLoadAttributes (220ms)
				ProcessInitializeOnLoadMethodAttributes (29ms)
				AfterProcessingInitializeOnLoad (11ms)
				EditorAssembliesLoaded (0ms)
			ExecutionOrderSort2 (0ms)
			AwakeInstancesAfterBackupRestoration (7ms)
Platform modules already initialized, skipping
Refreshing native plugins compatible for Editor in 2.12 ms, found 3 plugins.
Preloading 0 native plugins for Editor in 0.00 ms.
Unloading 3406 Unused Serialized files (Serialized files now loaded: 0)
Unloading 19 unused Assets / (79.3 KB). Loaded Objects now: 3949.
Memory consumption went from 124.0 MB to 123.9 MB.
Total: 2.757200 ms (FindLiveObjects: 0.333200 ms CreateObjectMapping: 0.093700 ms MarkObjects: 2.253400 ms  DeleteObjects: 0.076200 ms)

AssetImportParameters requested are different than current active one (requested -> active):
  custom:video-decoder-ogg-theora: a1e56fd34408186e4bbccfd4996cb3dc -> 
  custom:container-muxer-webm: aa71ff27fc2769a1b78a27578f13a17b -> 
  custom:container-demuxer-webm: 4f35f7cbe854078d1ac9338744f61a02 -> 
  custom:video-encoder-webm-vp8: eb34c28f22e8b96e1ab97ce403110664 -> 
  custom:audio-encoder-webm-vorbis: bf7c407c2cedff20999df2af8eb42d56 -> 
  custom:framework-win-MediaFoundation: 216162199b28c13a410421893ffa2e32 -> 
  custom:container-demuxer-ogg: 62fdf1f143b41e24485cea50d1cbac27 -> 
  custom:video-decoder-webm-vp8: 9c59270c3fd7afecdb556c50c9e8de78 -> 
  custom:audio-decoder-ogg-vorbis: bf7c407c2cedff20999df2af8eb42d56 -> 
========================================================================
Received Import Request.
  Time since last request: 118.779208 seconds.
  path: Assets/Prefabs/Character/Weapons/Turret/LaserBeamer.prefab
  artifactKey: Guid(a124236e4fce8634daed0405a4c74c57) Importer(815301076,1909f56bfc062723c751e8b465ee728b)
Start importing Assets/Prefabs/Character/Weapons/Turret/LaserBeamer.prefab using Guid(a124236e4fce8634daed0405a4c74c57) Importer(815301076,1909f56bfc062723c751e8b465ee728b)  -> (artifact id: 'a5c299302d7adde3fb4c80bbca7817ea') in 0.083553 seconds 
========================================================================
Received Prepare
Registering precompiled user dll's ...
Registered in 0.006740 seconds.
Begin MonoManager ReloadAssembly
Symbol file LoadedFromMemory doesn't match image C:\Users\111\Desktop\Unity\TowerDefense\TowerDefense\Library\PackageCache\com.unity.visualscripting@1.7.6\Editor\VisualScripting.Core\Dependencies\YamlDotNet\Unity.VisualScripting.YamlDotNet.dll
Symbol file LoadedFromMemory doesn't match image C:\Users\111\Desktop\Unity\TowerDefense\TowerDefense\Library\PackageCache\com.unity.visualscripting@1.7.6\Editor\VisualScripting.Core\Dependencies\DotNetZip\Unity.VisualScripting.IonicZip.dll
Native extension for WindowsStandalone target not found
Native extension for WebGL target not found
Refreshing native plugins compatible for Editor in 0.57 ms, found 3 plugins.
Preloading 0 native plugins for Editor in 0.00 ms.
Mono: successfully reloaded assembly
- Completed reload, in  1.021 seconds
Domain Reload Profiling:
	ReloadAssembly (1021ms)
		BeginReloadAssembly (120ms)
			ExecutionOrderSort (0ms)
			DisableScriptedObjects (5ms)
			BackupInstance (0ms)
			ReleaseScriptingObjects (0ms)
			CreateAndSetChildDomain (30ms)
		EndReloadAssembly (792ms)
			LoadAssemblies (75ms)
			RebuildTransferFunctionScriptingTraits (0ms)
			SetupTypeCache (263ms)
			ReleaseScriptCaches (1ms)
			RebuildScriptCaches (42ms)
			SetupLoadedEditorAssemblies (355ms)
				LogAssemblyErrors (0ms)
				InitializePlatformSupportModulesInManaged (17ms)
				SetLoadedEditorAssemblies (1ms)
				RefreshPlugins (1ms)
				BeforeProcessingInitializeOnLoad (83ms)
				ProcessInitializeOnLoadAttributes (214ms)
				ProcessInitializeOnLoadMethodAttributes (29ms)
				AfterProcessingInitializeOnLoad (11ms)
				EditorAssembliesLoaded (0ms)
			ExecutionOrderSort2 (0ms)
			AwakeInstancesAfterBackupRestoration (7ms)
Platform modules already initialized, skipping
Refreshing native plugins compatible for Editor in 2.03 ms, found 3 plugins.
Preloading 0 native plugins for Editor in 0.00 ms.
Unloading 3406 Unused Serialized files (Serialized files now loaded: 0)
Unloading 19 unused Assets / (79.4 KB). Loaded Objects now: 3952.
Memory consumption went from 124.0 MB to 123.9 MB.
Total: 2.780500 ms (FindLiveObjects: 0.340300 ms CreateObjectMapping: 0.098200 ms MarkObjects: 2.263100 ms  DeleteObjects: 0.077500 ms)

AssetImportParameters requested are different than current active one (requested -> active):
  custom:video-decoder-ogg-theora: a1e56fd34408186e4bbccfd4996cb3dc -> 
  custom:container-muxer-webm: aa71ff27fc2769a1b78a27578f13a17b -> 
  custom:container-demuxer-webm: 4f35f7cbe854078d1ac9338744f61a02 -> 
  custom:video-encoder-webm-vp8: eb34c28f22e8b96e1ab97ce403110664 -> 
  custom:audio-encoder-webm-vorbis: bf7c407c2cedff20999df2af8eb42d56 -> 
  custom:framework-win-MediaFoundation: 216162199b28c13a410421893ffa2e32 -> 
  custom:container-demuxer-ogg: 62fdf1f143b41e24485cea50d1cbac27 -> 
  custom:video-decoder-webm-vp8: 9c59270c3fd7afecdb556c50c9e8de78 -> 
  custom:audio-decoder-ogg-vorbis: bf7c407c2cedff20999df2af8eb42d56 -> 
